[01:26:26] [ServerMain/INFO]: Environment: Environment[sessionHost=https://sessionserver.mojang.com, servicesHost=https://api.minecraftservices.com, name=PROD]
[01:26:26] [ServerMain/INFO]: Loaded 1373 recipes
[01:26:26] [ServerMain/INFO]: Loaded 1484 advancements
[01:26:26] [Server thread/INFO]: Starting minecraft server version 1.21.5
[01:26:26] [Server thread/INFO]: Loading properties
[01:26:26] [Server thread/INFO]: Default game type: SURVIVAL
[01:26:26] [Server thread/INFO]: Generating keypair
[01:26:26] [Server thread/INFO]: Starting Minecraft server on *:25565
[01:26:26] [Server thread/INFO]: Using epoll channel type
[01:26:26] [Server thread/WARN]: **** SERVER IS RUNNING IN OFFLINE/INSECURE MODE!
[01:26:26] [Server thread/WARN]: The server will make no attempt to authenticate usernames. Beware.
[01:26:26] [Server thread/WARN]: While this makes the game possible to play without internet access, it also opens up the ability for hackers to connect with any username they choose.
[01:26:26] [Server thread/WARN]: To change this, set "online-mode" to "true" in the server.properties file.
[01:26:26] [Server thread/INFO]: Preparing level "world"
[01:26:27] [Server thread/INFO]: Preparing start region for dimension minecraft:overworld
[01:26:27] [Worker-Main-7/INFO]: Preparing spawn area: 0%
[01:26:27] [Worker-Main-7/INFO]: Preparing spawn area: 0%
[01:26:27] [Server thread/INFO]: Time elapsed: 614 ms
[01:26:27] [Server thread/INFO]: Done (0.776s)! For help, type "help"
[01:26:27] [Server thread/INFO]: Starting remote control listener
[01:26:27] [Server thread/INFO]: Thread RCON Listener started
[01:26:27] [Server thread/INFO]: RCON running on 0.0.0.0:25575
[01:26:31] [Server thread/INFO]: Fernando[/192.168.65.1:57172] logged in with entity id 7 at (21.5, 70.0, 1.5)
[01:26:31] [Server thread/INFO]: Fernando joined the game
[01:58:53] [RCON Listener #1/INFO]: Thread RCON Client /0:0:0:0:0:0:0:1 started
[01:58:53] [Server thread/INFO]: [Rcon: Stopping the server]
[01:58:53] [Server thread/INFO]: Stopping server
[01:58:53] [RCON Client /0:0:0:0:0:0:0:1 #2/INFO]: Thread RCON Client /0:0:0:0:0:0:0:1 shutting down
[01:58:53] [Server thread/INFO]: Saving players
[01:58:53] [Server thread/INFO]: Saving worlds
[01:58:53] [Server thread/INFO]: Saving chunks for level 'ServerLevel[world]'/minecraft:overworld
[01:58:53] [Server thread/INFO]: Saving chunks for level 'ServerLevel[world]'/minecraft:the_end
[01:58:53] [Server thread/INFO]: Saving chunks for level 'ServerLevel[world]'/minecraft:the_nether
[01:58:53] [Server thread/INFO]: ThreadedAnvilChunkStorage (world): All chunks are saved
[01:58:53] [Server thread/INFO]: ThreadedAnvilChunkStorage (DIM1): All chunks are saved
[01:58:53] [Server thread/INFO]: ThreadedAnvilChunkStorage (DIM-1): All chunks are saved
[01:58:53] [Server thread/INFO]: ThreadedAnvilChunkStorage: All dimensions are saved
[01:58:53] [Server thread/INFO]: Thread RCON Listener stopped
